#
# A fatal error has been detected by the Java Runtime Environment:
#
#  SIGSEGV (0xb) at pc=0x00007fff8f44cf49, pid=1450, tid=41647
#
# JRE version: Java(TM) SE Runtime Environment (7.0_79-b15) (build 1.7.0_79-b15)
# Java VM: Java HotSpot(TM) 64-Bit Server VM (24.79-b02 mixed mode bsd-amd64 compressed oops)
# Problematic frame:
# C  [libsystem_platform.dylib+0x4f49]  _platform_memmove$VARIANT$Haswell+0x29
#
# Failed to write core dump. Core dumps have been disabled. To enable core dumping, try "ulimit -c unlimited" before starting Java again
#
# If you would like to submit a bug report, please visit:
#   http://bugreport.java.com/bugreport/crash.jsp
# The crash happened outside the Java Virtual Machine in native code.
# See problematic frame for where to report the bug.
#

---------------  T H R E A D  ---------------

Current thread (0x00007ffecea75800):  JavaThread "Daemon worker Thread 29" [_thread_in_native, id=41647, stack(0x0000700001250000,0x0000700001350000)]

siginfo:si_signo=SIGSEGV: si_errno=0, si_code=1 (SEGV_MAPERR), si_addr=0x000000010ef53000

Registers:
RAX=0x00007ffeceba0c02, RBX=0x000000010ef51601, RCX=0x000000000000472f, RDX=0x0000000000006100
RSP=0x000070000134cc20, RBP=0x000070000134cc20, RSI=0x000000010ef53000, RDI=0x00007ffeceba25d3
R8 =0x0000000000000001, R9 =0x0000000000006e6e, R10=0x00007ffecde65730, R11=0x00007ffdbfc4f5d3
R12=0x0000000000000000, R13=0x000000006e69422f, R14=0x00000000a281a400, R15=0x0000000000006100
RIP=0x00007fff8f44cf49, EFLAGS=0x0000000000010206, ERR=0x0000000000000004
  TRAPNO=0x000000000000000e

Top of Stack: (sp=0x000070000134cc20)
0x000070000134cc20:   000070000134cc90 00000001059f327d
0x000070000134cc30:   0000000000000000 0000000000000061
0x000070000134cc40:   0000000000006e6e 00007ffecde7ec30
0x000070000134cc50:   0000000000000000 00007ffecde4c8d0
0x000070000134cc60:   00007ffecde65730 00000000497fa543
0x000070000134cc70:   0000000000000060 00007ffecde67b80
0x000070000134cc80:   00007ffecde4c8d0 00007ffecdd8b870
0x000070000134cc90:   000070000134cce0 00000001059f3725
0x000070000134cca0:   0000000000000037 00000037cea75800
0x000070000134ccb0:   000070000134ccfe 000070000134d148
0x000070000134ccc0:   0000000000000037 000070000134ccfe
0x000070000134ccd0:   00007ffecde4c8d0 00007ffecea759e8
0x000070000134cce0:   000070000134d130 00000001059f2570
0x000070000134ccf0:   0000000106206233 454d000100000001
0x000070000134cd00:   732f464e492d4154 2f73656369767265
0x000070000134cd10:   6e612e786176616a 6e6f697461746f6e
0x000070000134cd20:   737365636f72702e 636f72502e676e69
0x000070000134cd30:   000000726f737365 00000007b0002bb0
0x000070000134cd40:   000070000134d490 000000010512be70
0x000070000134cd50:   000000120134cd90 00000001054689a5
0x000070000134cd60:   0000000000000000 0000000000000002
0x000070000134cd70:   0000000000000000 000070000134d470
0x000070000134cd80:   000070000134cda8 00007ffecea75800
0x000070000134cd90:   000070000134d3c0 0000000105436f8e
0x000070000134cda0:   000070000134cdc8 000070000134d4d0
0x000070000134cdb0:   0000000106206233 0000000106205310
0x000070000134cdc0:   00000007c01c27d0 00007000ffffffff
0x000070000134cdd0:   0000000000000000 00007ffecea75800
0x000070000134cde0:   00000007f7508428 000070000134d530
0x000070000134cdf0:   000070000134d4e0 00007ffecea75800
0x000070000134ce00:   000070000134ced0 0000000106206058
0x000070000134ce10:   0000000000000000 00000007f75085a0 

Instructions: (pc=0x00007fff8f44cf49)
0x00007fff8f44cf29:   f3 48 89 f8 49 39 d3 72 1b 48 83 fa 60 76 2f 48
0x00007fff8f44cf39:   81 fa 00 40 00 00 0f 82 bb 00 00 00 48 89 d1 fc
0x00007fff8f44cf49:   f3 a4 5d c3 48 39 fe 74 f9 48 01 d6 48 01 d7 48
0x00007fff8f44cf59:   83 fa 60 0f 82 5c 01 00 00 e9 79 01 00 00 48 83 

Register to memory mapping:

RAX=0x00007ffeceba0c02 is an unknown value
RBX=0x000000010ef51601 is an unknown value
RCX=0x000000000000472f is an unknown value
RDX=0x0000000000006100 is an unknown value
RSP=0x000070000134cc20 is pointing into the stack for thread: 0x00007ffecea75800
RBP=0x000070000134cc20 is pointing into the stack for thread: 0x00007ffecea75800
RSI=0x000000010ef53000 is an unknown value
RDI=0x00007ffeceba25d3 is an unknown value
R8 =0x0000000000000001 is an unknown value
R9 =0x0000000000006e6e is an unknown value
R10=0x00007ffecde65730 is an unknown value
R11=0x00007ffdbfc4f5d3 is an unknown value
R12=0x0000000000000000 is an unknown value
R13=0x000000006e69422f is an unknown value
R14=0x00000000a281a400 is an unknown value
R15=0x0000000000006100 is an unknown value


Stack: [0x0000700001250000,0x0000700001350000],  sp=0x000070000134cc20,  free space=1011k
Native frames: (J=compiled Java code, j=interpreted, Vv=VM code, C=native code)
C  [libsystem_platform.dylib+0x4f49]  _platform_memmove$VARIANT$Haswell+0x29
C  [libzip.dylib+0x327d]  newEntry+0x31a
C  [libzip.dylib+0x3725]  ZIP_GetEntry+0xa2
C  [libzip.dylib+0x2570]  Java_java_util_zip_ZipFile_getEntry+0xdd
J 71  java.util.zip.ZipFile.getEntry(J[BZ)J (0 bytes) @ 0x000000010627d5ce [0x000000010627d500+0xce]

Java frames: (J=compiled Java code, j=interpreted, Vv=VM code)
J 71  java.util.zip.ZipFile.getEntry(J[BZ)J (0 bytes) @ 0x000000010627d558 [0x000000010627d500+0x58]
J 72 C2 java.util.zip.ZipFile.getEntry(Ljava/lang/String;)Ljava/util/zip/ZipEntry; (86 bytes) @ 0x0000000106281f58 [0x0000000106281e80+0xd8]
J 73 C2 java.util.jar.JarFile.getEntry(Ljava/lang/String;)Ljava/util/zip/ZipEntry; (22 bytes) @ 0x000000010628df98 [0x000000010628df60+0x38]
j  sun.net.www.protocol.jar.URLJarFile.getEntry(Ljava/lang/String;)Ljava/util/zip/ZipEntry;+2
j  sun.net.www.protocol.jar.JarURLConnection.connect()V+62
j  sun.net.www.protocol.jar.JarURLConnection.getInputStream()Ljava/io/InputStream;+1
j  java.net.URL.openStream()Ljava/io/InputStream;+4
j  java.util.ServiceLoader.parse(Ljava/lang/Class;Ljava/net/URL;)Ljava/util/Iterator;+15
j  java.util.ServiceLoader.access$200(Ljava/util/ServiceLoader;Ljava/lang/Class;Ljava/net/URL;)Ljava/util/Iterator;+3
j  java.util.ServiceLoader$LazyIterator.hasNext()Z+140
j  java.util.ServiceLoader$1.hasNext()Z+21
j  com.sun.tools.javac.processing.JavacProcessingEnvironment$ServiceIterator.hasNext()Z+4
j  com.sun.tools.javac.processing.JavacProcessingEnvironment$DiscoveredProcessors$ProcessorStateIterator.hasNext()Z+39
j  com.sun.tools.javac.processing.JavacProcessingEnvironment.atLeastOneProcessor()Z+7
j  com.sun.tools.javac.main.JavaCompiler.initProcessAnnotations(Ljava/lang/Iterable;)V+52
j  com.sun.tools.javac.main.JavaCompiler.compile(Lcom/sun/tools/javac/util/List;Lcom/sun/tools/javac/util/List;Ljava/lang/Iterable;)V+127
j  com.sun.tools.javac.main.Main.compile([Ljava/lang/String;[Ljava/lang/String;Lcom/sun/tools/javac/util/Context;Lcom/sun/tools/javac/util/List;Ljava/lang/Iterable;)I+761
j  com.sun.tools.javac.api.JavacTaskImpl.call()Ljava/lang/Boolean;+59
j  org.gradle.api.internal.tasks.compile.JdkJavaCompiler.execute(Lorg/gradle/api/internal/tasks/compile/JavaCompileSpec;)Lorg/gradle/api/tasks/WorkResult;+17
j  org.gradle.api.internal.tasks.compile.JdkJavaCompiler.execute(Lorg/gradle/language/base/internal/compile/CompileSpec;)Lorg/gradle/api/tasks/WorkResult;+5
j  org.gradle.api.internal.tasks.compile.NormalizingJavaCompiler.delegateAndHandleErrors(Lorg/gradle/api/internal/tasks/compile/JavaCompileSpec;)Lorg/gradle/api/tasks/WorkResult;+5
j  org.gradle.api.internal.tasks.compile.NormalizingJavaCompiler.execute(Lorg/gradle/api/internal/tasks/compile/JavaCompileSpec;)Lorg/gradle/api/tasks/WorkResult;+27
j  org.gradle.api.internal.tasks.compile.NormalizingJavaCompiler.execute(Lorg/gradle/language/base/internal/compile/CompileSpec;)Lorg/gradle/api/tasks/WorkResult;+5
j  org.gradle.api.internal.tasks.compile.CleaningJavaCompilerSupport.execute(Lorg/gradle/api/internal/tasks/compile/JavaCompileSpec;)Lorg/gradle/api/tasks/WorkResult;+37
j  org.gradle.api.internal.tasks.compile.CleaningJavaCompilerSupport.execute(Lorg/gradle/language/base/internal/compile/CompileSpec;)Lorg/gradle/api/tasks/WorkResult;+5
j  org.gradle.api.tasks.compile.JavaCompile.performCompilation(Lorg/gradle/api/internal/tasks/compile/JavaCompileSpec;Lorg/gradle/language/base/internal/compile/Compiler;)V+2
j  org.gradle.api.tasks.compile.JavaCompile.compile()V+12
j  org.gradle.api.tasks.compile.JavaCompile.compile(Lorg/gradle/api/tasks/incremental/IncrementalTaskInputs;)V+11
j  sun.reflect.GeneratedMethodAccessor1369.invoke(Ljava/lang/Object;[Ljava/lang/Object;)Ljava/lang/Object;+40
J 2514 C2 org.gradle.internal.reflect.JavaMethod.invoke(Ljava/lang/Object;[Ljava/lang/Object;)Ljava/lang/Object; (74 bytes) @ 0x0000000106aa6ad8 [0x0000000106aa6a40+0x98]
j  org.gradle.api.internal.project.taskfactory.AnnotationProcessingTaskFactory$IncrementalTaskAction.doExecute(Lorg/gradle/api/Task;Ljava/lang/String;)V+35
j  org.gradle.api.internal.project.taskfactory.AnnotationProcessingTaskFactory$StandardTaskAction.execute(Lorg/gradle/api/Task;)V+32
j  org.gradle.api.internal.project.taskfactory.AnnotationProcessingTaskFactory$IncrementalTaskAction.execute(Lorg/gradle/api/Task;)V+2
j  org.gradle.api.internal.project.taskfactory.AnnotationProcessingTaskFactory$StandardTaskAction.execute(Ljava/lang/Object;)V+5
j  org.gradle.api.internal.tasks.execution.ExecuteActionsTaskExecuter.executeAction(Lorg/gradle/api/internal/TaskInternal;Lorg/gradle/api/internal/tasks/ContextAwareTaskAction;Lorg/gradle/api/internal/tasks/TaskExecutionContext;)V+9
j  org.gradle.api.internal.tasks.execution.ExecuteActionsTaskExecuter.executeActions(Lorg/gradle/api/internal/TaskInternal;Lorg/gradle/api/internal/tasks/TaskStateInternal;Lorg/gradle/api/internal/tasks/TaskExecutionContext;)Lorg/gradle/api/GradleException;+79
j  org.gradle.api.internal.tasks.execution.ExecuteActionsTaskExecuter.execute(Lorg/gradle/api/internal/TaskInternal;Lorg/gradle/api/internal/tasks/TaskStateInternal;Lorg/gradle/api/internal/tasks/TaskExecutionContext;)V+19
j  org.gradle.api.internal.tasks.execution.PostExecutionAnalysisTaskExecuter.execute(Lorg/gradle/api/internal/TaskInternal;Lorg/gradle/api/internal/tasks/TaskStateInternal;Lorg/gradle/api/internal/tasks/TaskExecutionContext;)V+7
j  org.gradle.api.internal.tasks.execution.SkipUpToDateTaskExecuter.execute(Lorg/gradle/api/internal/TaskInternal;Lorg/gradle/api/internal/tasks/TaskStateInternal;Lorg/gradle/api/internal/tasks/TaskExecutionContext;)V+133
j  org.gradle.api.internal.tasks.execution.ValidatingTaskExecuter.execute(Lorg/gradle/api/internal/TaskInternal;Lorg/gradle/api/internal/tasks/TaskStateInternal;Lorg/gradle/api/internal/tasks/TaskExecutionContext;)V+215
j  org.gradle.api.internal.tasks.execution.SkipEmptySourceFilesTaskExecuter.execute(Lorg/gradle/api/internal/TaskInternal;Lorg/gradle/api/internal/tasks/TaskStateInternal;Lorg/gradle/api/internal/tasks/TaskExecutionContext;)V+56
j  org.gradle.api.internal.tasks.execution.SkipTaskWithNoActionsExecuter.execute(Lorg/gradle/api/internal/TaskInternal;Lorg/gradle/api/internal/tasks/TaskStateInternal;Lorg/gradle/api/internal/tasks/TaskExecutionContext;)V+110
j  org.gradle.api.internal.tasks.execution.SkipOnlyIfTaskExecuter.execute(Lorg/gradle/api/internal/TaskInternal;Lorg/gradle/api/internal/tasks/TaskStateInternal;Lorg/gradle/api/internal/tasks/TaskExecutionContext;)V+84
j  org.gradle.api.internal.tasks.execution.ExecuteAtMostOnceTaskExecuter.execute(Lorg/gradle/api/internal/TaskInternal;Lorg/gradle/api/internal/tasks/TaskStateInternal;Lorg/gradle/api/internal/tasks/TaskExecutionContext;)V+26
j  org.gradle.api.internal.AbstractTask.executeWithoutThrowingTaskFailure()V+16
j  org.gradle.execution.taskgraph.AbstractTaskPlanExecutor$TaskExecutorWorker.executeTask(Lorg/gradle/execution/taskgraph/TaskInfo;)V+38
j  org.gradle.execution.taskgraph.AbstractTaskPlanExecutor$TaskExecutorWorker.processTask(Lorg/gradle/execution/taskgraph/TaskInfo;)V+2
j  org.gradle.execution.taskgraph.AbstractTaskPlanExecutor$TaskExecutorWorker.run()V+56
j  org.gradle.execution.taskgraph.DefaultTaskPlanExecutor.process(Lorg/gradle/execution/taskgraph/TaskExecutionPlan;Lorg/gradle/api/execution/TaskExecutionListener;)V+6
j  org.gradle.execution.taskgraph.DefaultTaskGraphExecuter.execute()V+46
j  org.gradle.execution.SelectedTaskExecutionAction.execute(Lorg/gradle/execution/BuildExecutionContext;)V+55
j  org.gradle.execution.DefaultBuildExecuter.execute(I)V+36
j  org.gradle.execution.DefaultBuildExecuter.access$200(Lorg/gradle/execution/DefaultBuildExecuter;I)V+2
j  org.gradle.execution.DefaultBuildExecuter$2.proceed()V+10
j  org.gradle.execution.DryRunBuildExecutionAction.execute(Lorg/gradle/execution/BuildExecutionContext;)V+68
j  org.gradle.execution.DefaultBuildExecuter.execute(I)V+36
j  org.gradle.execution.DefaultBuildExecuter.execute()V+2
j  org.gradle.initialization.DefaultGradleLauncher.doBuildStages(Lorg/gradle/initialization/DefaultGradleLauncher$Stage;)V+184
j  org.gradle.initialization.DefaultGradleLauncher.doBuild(Lorg/gradle/initialization/DefaultGradleLauncher$Stage;)Lorg/gradle/BuildResult;+27
j  org.gradle.initialization.DefaultGradleLauncher.run()Lorg/gradle/BuildResult;+4
j  org.gradle.launcher.exec.InProcessBuildActionExecuter$DefaultBuildController.run()Lorg/gradle/api/internal/GradleInternal;+5
j  org.gradle.tooling.internal.provider.runner.BuildModelActionRunner.run(Lorg/gradle/internal/invocation/BuildAction;Lorg/gradle/internal/invocation/BuildController;)V+72
j  org.gradle.launcher.exec.ChainingBuildActionRunner.run(Lorg/gradle/internal/invocation/BuildAction;Lorg/gradle/internal/invocation/BuildController;)V+34
j  org.gradle.launcher.exec.InProcessBuildActionExecuter.execute(Lorg/gradle/internal/invocation/BuildAction;Lorg/gradle/initialization/BuildRequestContext;Lorg/gradle/launcher/exec/BuildActionParameters;)Ljava/lang/Object;+39
j  org.gradle.launcher.exec.InProcessBuildActionExecuter.execute(Lorg/gradle/internal/invocation/BuildAction;Lorg/gradle/initialization/BuildRequestContext;Ljava/lang/Object;)Ljava/lang/Object;+7
j  org.gradle.launcher.daemon.server.exec.ExecuteBuild.doBuild(Lorg/gradle/launcher/daemon/server/api/DaemonCommandExecution;Lorg/gradle/launcher/daemon/protocol/Build;)V+70
j  org.gradle.launcher.daemon.server.exec.BuildCommandOnly.execute(Lorg/gradle/launcher/daemon/server/api/DaemonCommandExecution;)V+49
j  org.gradle.launcher.daemon.server.api.DaemonCommandExecution.proceed()Z+28
j  org.gradle.launcher.daemon.server.exec.WatchForDisconnection.execute(Lorg/gradle/launcher/daemon/server/api/DaemonCommandExecution;)V+19
j  org.gradle.launcher.daemon.server.api.DaemonCommandExecution.proceed()Z+28
j  org.gradle.launcher.daemon.server.exec.ResetDeprecationLogger.execute(Lorg/gradle/launcher/daemon/server/api/DaemonCommandExecution;)V+4
j  org.gradle.launcher.daemon.server.api.DaemonCommandExecution.proceed()Z+28
j  org.gradle.launcher.daemon.server.exec.RequestStopIfSingleUsedDaemon.execute(Lorg/gradle/launcher/daemon/server/api/DaemonCommandExecution;)V+31
j  org.gradle.launcher.daemon.server.api.DaemonCommandExecution.proceed()Z+28
j  org.gradle.launcher.daemon.server.exec.ForwardClientInput$2.call()Ljava/lang/Void;+4
j  org.gradle.launcher.daemon.server.exec.ForwardClientInput$2.call()Ljava/lang/Object;+1
j  org.gradle.util.Swapper.swap(Ljava/lang/Object;Ljava/util/concurrent/Callable;)Ljava/lang/Object;+21
j  org.gradle.launcher.daemon.server.exec.ForwardClientInput.execute(Lorg/gradle/launcher/daemon/server/api/DaemonCommandExecution;)V+63
j  org.gradle.launcher.daemon.server.api.DaemonCommandExecution.proceed()Z+28
j  org.gradle.launcher.daemon.server.health.DaemonHealthTracker.execute(Lorg/gradle/launcher/daemon/server/api/DaemonCommandExecution;)V+35
j  org.gradle.launcher.daemon.server.api.DaemonCommandExecution.proceed()Z+28
j  org.gradle.launcher.daemon.server.exec.LogToClient.doBuild(Lorg/gradle/launcher/daemon/server/api/DaemonCommandExecution;Lorg/gradle/launcher/daemon/protocol/Build;)V+106
j  org.gradle.launcher.daemon.server.exec.BuildCommandOnly.execute(Lorg/gradle/launcher/daemon/server/api/DaemonCommandExecution;)V+49
j  org.gradle.launcher.daemon.server.api.DaemonCommandExecution.proceed()Z+28
j  org.gradle.launcher.daemon.server.exec.EstablishBuildEnvironment.doBuild(Lorg/gradle/launcher/daemon/server/api/DaemonCommandExecution;Lorg/gradle/launcher/daemon/protocol/Build;)V+243
j  org.gradle.launcher.daemon.server.exec.BuildCommandOnly.execute(Lorg/gradle/launcher/daemon/server/api/DaemonCommandExecution;)V+49
j  org.gradle.launcher.daemon.server.api.DaemonCommandExecution.proceed()Z+28
j  org.gradle.launcher.daemon.server.health.HintGCAfterBuild.execute(Lorg/gradle/launcher/daemon/server/api/DaemonCommandExecution;)V+1
j  org.gradle.launcher.daemon.server.api.DaemonCommandExecution.proceed()Z+28
j  org.gradle.launcher.daemon.server.exec.StartBuildOrRespondWithBusy$1.run()V+44
j  org.gradle.launcher.daemon.server.DaemonStateCoordinator$1.run()V+4
j  org.gradle.internal.concurrent.ExecutorPolicy$CatchAndRecordFailures.onExecute(Ljava/lang/Runnable;)V+1
j  org.gradle.internal.concurrent.StoppableExecutorImpl$1.run()V+25
j  java.util.concurrent.ThreadPoolExecutor.runWorker(Ljava/util/concurrent/ThreadPoolExecutor$Worker;)V+95
j  java.util.concurrent.ThreadPoolExecutor$Worker.run()V+5
j  java.lang.Thread.run()V+11
v  ~StubRoutines::call_stub

---------------  P R O C E S S  ---------------

Java Threads: ( => current thread )
  0x00007ffecea06800 JavaThread "Stdin handler" [_thread_blocked, id=35471, stack(0x0000700001353000,0x0000700001453000)]
=>0x00007ffecea75800 JavaThread "Daemon worker Thread 29" [_thread_in_native, id=41647, stack(0x0000700001250000,0x0000700001350000)]
  0x00007ffecf31d000 JavaThread "Cancel handler" [_thread_blocked, id=59727, stack(0x000070000114d000,0x000070000124d000)]
  0x00007ffece4e3000 JavaThread "Handler for socket connection from /127.0.0.1:49619 to /127.0.0.1:50015" [_thread_in_native, id=50247, stack(0x000070000104a000,0x000070000114a000)]
  0x00007ffece84b800 JavaThread "Daemon Thread 29" [_thread_blocked, id=63595, stack(0x0000700000932000,0x0000700000a32000)]
  0x00007ffecd479000 JavaThread "File lock request listener" [_thread_in_native, id=23299, stack(0x0000700001559000,0x0000700001659000)]
  0x00007ffecc269000 JavaThread "Incoming local TCP Connector on port 49619" [_thread_in_native, id=20487, stack(0x0000700000f47000,0x0000700001047000)]
  0x00007ffecb81c000 JavaThread "Service Thread" daemon [_thread_blocked, id=18179, stack(0x0000700000d41000,0x0000700000e41000)]
  0x00007ffecd06e000 JavaThread "C2 CompilerThread1" daemon [_thread_blocked, id=17667, stack(0x0000700000c3e000,0x0000700000d3e000)]
  0x00007ffecd054800 JavaThread "C2 CompilerThread0" daemon [_thread_blocked, id=17155, stack(0x0000700000b3b000,0x0000700000c3b000)]
  0x00007ffecd053800 JavaThread "Signal Dispatcher" daemon [_thread_blocked, id=13839, stack(0x0000700000a38000,0x0000700000b38000)]
  0x00007ffecc005800 JavaThread "Finalizer" daemon [_thread_blocked, id=12291, stack(0x000070000082f000,0x000070000092f000)]
  0x00007ffecc004800 JavaThread "Reference Handler" daemon [_thread_blocked, id=11779, stack(0x000070000072c000,0x000070000082c000)]
  0x00007ffecc803000 JavaThread "main" [_thread_blocked, id=4099, stack(0x0000700000084000,0x0000700000184000)]

Other Threads:
  0x00007ffecc002000 VMThread [stack: 0x0000700000629000,0x0000700000729000] [id=11267]
  0x00007ffecc00e800 WatcherThread [stack: 0x0000700000e44000,0x0000700000f44000] [id=18691]

VM state:not at safepoint (normal execution)

VM Mutex/Monitor currently owned by a thread: None

Heap
 PSYoungGen      total 313856K, used 217028K [0x00000007eaa80000, 0x00000007ff180000, 0x0000000800000000)
  eden space 293888K, 70% used [0x00000007eaa80000,0x00000007f758af90,0x00000007fc980000)
  from space 19968K, 45% used [0x00000007fc980000,0x00000007fd2660e8,0x00000007fdd00000)
  to   space 18944K, 0% used [0x00000007fdf00000,0x00000007fdf00000,0x00000007ff180000)
 ParOldGen       total 291328K, used 109993K [0x00000007c0000000, 0x00000007d1c80000, 0x00000007eaa80000)
  object space 291328K, 37% used [0x00000007c0000000,0x00000007c6b6a768,0x00000007d1c80000)
 PSPermGen       total 92672K, used 90352K [0x00000007b0000000, 0x00000007b5a80000, 0x00000007c0000000)
  object space 92672K, 97% used [0x00000007b0000000,0x00000007b583c128,0x00000007b5a80000)

Card table byte_map: [0x00000001092c0000,0x0000000109541000] byte_map_base: 0x0000000105540000

Polling page: 0x00000001059e6000

Code Cache  [0x0000000106200000, 0x0000000107160000, 0x0000000109200000)
 total_blobs=4454 nmethods=3763 adapters=643 free_code_cache=34117Kb largest_free_block=34262464

Compilation events (10 events):
Event: 8627.555 Thread 0x00007ffecd054800 nmethod 4500 0x000000010713fc10 code [0x000000010713fd60, 0x000000010713fe78]
Event: 8627.612 Thread 0x00007ffecd06e000 nmethod 4499 0x000000010714e350 code [0x000000010714e7c0, 0x0000000107150390]
Event: 8809.177 Thread 0x00007ffecd054800 4501             sun.misc.Launcher::getBootstrapClassPath (4 bytes)
Event: 8809.179 Thread 0x00007ffecd054800 nmethod 4501 0x000000010697abd0 code [0x000000010697ad00, 0x000000010697ad58]
Event: 8809.717 Thread 0x00007ffecd06e000 4502             org.gradle.api.internal.artifacts.ivyservice.ivyresolve.DependencyResolverIdentifier::forExternalResourceResolver (71 bytes)
Event: 8809.717 Thread 0x00007ffecd054800 4503             org.gradle.api.internal.artifacts.ivyservice.ivyresolve.DependencyResolverIdentifier::calculateId (17 bytes)
Event: 8809.750 Thread 0x00007ffecd054800 nmethod 4503 0x0000000106acf9d0 code [0x0000000106acfbc0, 0x0000000106ad02d0]
Event: 8809.807 Thread 0x00007ffecd06e000 nmethod 4502 0x00000001070adb90 code [0x00000001070adea0, 0x00000001070af498]
Event: 8810.628 Thread 0x00007ffecd054800 4504             org.gradle.model.internal.registry.ModelGraph::flush (65 bytes)
Event: 8810.632 Thread 0x00007ffecd054800 nmethod 4504 0x0000000106bbccd0 code [0x0000000106bbce80, 0x0000000106bbd118]

GC Heap History (10 events):
Event: 8213.046 GC heap before
{Heap before GC invocations=155 (full 32):
 PSYoungGen      total 313344K, used 145607K [0x00000007eaa80000, 0x00000007ff100000, 0x0000000800000000)
  eden space 292864K, 46% used [0x00000007eaa80000,0x00000007f3029158,0x00000007fc880000)
  from space 20480K, 42% used [0x00000007fdc00000,0x00000007fe488d70,0x00000007ff000000)
  to   space 19968K, 0% used [0x00000007fc880000,0x00000007fc880000,0x00000007fdc00000)
 ParOldGen       total 291328K, used 121658K [0x00000007c0000000, 0x00000007d1c80000, 0x00000007eaa80000)
  object space 291328K, 41% used [0x00000007c0000000,0x00000007c76cebc8,0x00000007d1c80000)
 PSPermGen       total 94208K, used 91414K [0x00000007b0000000, 0x00000007b5c00000, 0x00000007c0000000)
  object space 94208K, 97% used [0x00000007b0000000,0x00000007b5945bf0,0x00000007b5c00000)
Event: 8213.104 GC heap after
Heap after GC invocations=155 (full 32):
 PSYoungGen      total 312832K, used 12054K [0x00000007eaa80000, 0x00000007ff000000, 0x0000000800000000)
  eden space 292864K, 0% used [0x00000007eaa80000,0x00000007eaa80000,0x00000007fc880000)
  from space 19968K, 60% used [0x00000007fc880000,0x00000007fd445a80,0x00000007fdc00000)
  to   space 19456K, 0% used [0x00000007fdd00000,0x00000007fdd00000,0x00000007ff000000)
 ParOldGen       total 291328K, used 121658K [0x00000007c0000000, 0x00000007d1c80000, 0x00000007eaa80000)
  object space 291328K, 41% used [0x00000007c0000000,0x00000007c76cebc8,0x00000007d1c80000)
 PSPermGen       total 94208K, used 91414K [0x00000007b0000000, 0x00000007b5c00000, 0x00000007c0000000)
  object space 94208K, 97% used [0x00000007b0000000,0x00000007b5945bf0,0x00000007b5c00000)
}
Event: 8213.104 GC heap before
{Heap before GC invocations=156 (full 33):
 PSYoungGen      total 312832K, used 12054K [0x00000007eaa80000, 0x00000007ff000000, 0x0000000800000000)
  eden space 292864K, 0% used [0x00000007eaa80000,0x00000007eaa80000,0x00000007fc880000)
  from space 19968K, 60% used [0x00000007fc880000,0x00000007fd445a80,0x00000007fdc00000)
  to   space 19456K, 0% used [0x00000007fdd00000,0x00000007fdd00000,0x00000007ff000000)
 ParOldGen       total 291328K, used 121658K [0x00000007c0000000, 0x00000007d1c80000, 0x00000007eaa80000)
  object space 291328K, 41% used [0x00000007c0000000,0x00000007c76cebc8,0x00000007d1c80000)
 PSPermGen       total 94208K, used 91414K [0x00000007b0000000, 0x00000007b5c00000, 0x00000007c0000000)
  object space 94208K, 97% used [0x00000007b0000000,0x00000007b5945bf0,0x00000007b5c00000)
Event: 8214.275 GC heap after
Heap after GC invocations=156 (full 33):
 PSYoungGen      total 312832K, used 0K [0x00000007eaa80000, 0x00000007ff000000, 0x0000000800000000)
  eden space 292864K, 0% used [0x00000007eaa80000,0x00000007eaa80000,0x00000007fc880000)
  from space 19968K, 0% used [0x00000007fc880000,0x00000007fc880000,0x00000007fdc00000)
  to   space 19456K, 0% used [0x00000007fdd00000,0x00000007fdd00000,0x00000007ff000000)
 ParOldGen       total 291328K, used 128765K [0x00000007c0000000, 0x00000007d1c80000, 0x00000007eaa80000)
  object space 291328K, 44% used [0x00000007c0000000,0x00000007c7dbf728,0x00000007d1c80000)
 PSPermGen       total 94208K, used 91009K [0x00000007b0000000, 0x00000007b5c00000, 0x00000007c0000000)
  object space 94208K, 96% used [0x00000007b0000000,0x00000007b58e0750,0x00000007b5c00000)
}
Event: 8605.341 GC heap before
{Heap before GC invocations=157 (full 33):
 PSYoungGen      total 312832K, used 142413K [0x00000007eaa80000, 0x00000007ff000000, 0x0000000800000000)
  eden space 292864K, 48% used [0x00000007eaa80000,0x00000007f3593428,0x00000007fc880000)
  from space 19968K, 0% used [0x00000007fc880000,0x00000007fc880000,0x00000007fdc00000)
  to   space 19456K, 0% used [0x00000007fdd00000,0x00000007fdd00000,0x00000007ff000000)
 ParOldGen       total 291328K, used 128765K [0x00000007c0000000, 0x00000007d1c80000, 0x00000007eaa80000)
  object space 291328K, 44% used [0x00000007c0000000,0x00000007c7dbf728,0x00000007d1c80000)
 PSPermGen       total 94208K, used 91177K [0x00000007b0000000, 0x00000007b5c00000, 0x00000007c0000000)
  object space 94208K, 96% used [0x00000007b0000000,0x00000007b590a630,0x00000007b5c00000)
Event: 8605.446 GC heap after
Heap after GC invocations=157 (full 33):
 PSYoungGen      total 313344K, used 1680K [0x00000007eaa80000, 0x00000007ff100000, 0x0000000800000000)
  eden space 293888K, 0% used [0x00000007eaa80000,0x00000007eaa80000,0x00000007fc980000)
  from space 19456K, 8% used [0x00000007fdd00000,0x00000007fdea4050,0x00000007ff000000)
  to   space 19968K, 0% used [0x00000007fc980000,0x00000007fc980000,0x00000007fdd00000)
 ParOldGen       total 291328K, used 128765K [0x00000007c0000000, 0x00000007d1c80000, 0x00000007eaa80000)
  object space 291328K, 44% used [0x00000007c0000000,0x00000007c7dbf728,0x00000007d1c80000)
 PSPermGen       total 94208K, used 91177K [0x00000007b0000000, 0x00000007b5c00000, 0x00000007c0000000)
  object space 94208K, 96% used [0x00000007b0000000,0x00000007b590a630,0x00000007b5c00000)
}
Event: 8605.446 GC heap before
{Heap before GC invocations=158 (full 34):
 PSYoungGen      total 313344K, used 1680K [0x00000007eaa80000, 0x00000007ff100000, 0x0000000800000000)
  eden space 293888K, 0% used [0x00000007eaa80000,0x00000007eaa80000,0x00000007fc980000)
  from space 19456K, 8% used [0x00000007fdd00000,0x00000007fdea4050,0x00000007ff000000)
  to   space 19968K, 0% used [0x00000007fc980000,0x00000007fc980000,0x00000007fdd00000)
 ParOldGen       total 291328K, used 128765K [0x00000007c0000000, 0x00000007d1c80000, 0x00000007eaa80000)
  object space 291328K, 44% used [0x00000007c0000000,0x00000007c7dbf728,0x00000007d1c80000)
 PSPermGen       total 94208K, used 91177K [0x00000007b0000000, 0x00000007b5c00000, 0x00000007c0000000)
  object space 94208K, 96% used [0x00000007b0000000,0x00000007b590a630,0x00000007b5c00000)
Event: 8606.897 GC heap after
Heap after GC invocations=158 (full 34):
 PSYoungGen      total 313344K, used 0K [0x00000007eaa80000, 0x00000007ff100000, 0x0000000800000000)
  eden space 293888K, 0% used [0x00000007eaa80000,0x00000007eaa80000,0x00000007fc980000)
  from space 19456K, 0% used [0x00000007fdd00000,0x00000007fdd00000,0x00000007ff000000)
  to   space 19968K, 0% used [0x00000007fc980000,0x00000007fc980000,0x00000007fdd00000)
 ParOldGen       total 291328K, used 109993K [0x00000007c0000000, 0x00000007d1c80000, 0x00000007eaa80000)
  object space 291328K, 37% used [0x00000007c0000000,0x00000007c6b6a768,0x00000007d1c80000)
 PSPermGen       total 92672K, used 89813K [0x00000007b0000000, 0x00000007b5a80000, 0x00000007c0000000)
  object space 92672K, 96% used [0x00000007b0000000,0x00000007b57b57b8,0x00000007b5a80000)
}
Event: 8626.301 GC heap before
{Heap before GC invocations=159 (full 34):
 PSYoungGen      total 313344K, used 293888K [0x00000007eaa80000, 0x00000007ff100000, 0x0000000800000000)
  eden space 293888K, 100% used [0x00000007eaa80000,0x00000007fc980000,0x00000007fc980000)
  from space 19456K, 0% used [0x00000007fdd00000,0x00000007fdd00000,0x00000007ff000000)
  to   space 19968K, 0% used [0x00000007fc980000,0x00000007fc980000,0x00000007fdd00000)
 ParOldGen       total 291328K, used 109993K [0x00000007c0000000, 0x00000007d1c80000, 0x00000007eaa80000)
  object space 291328K, 37% used [0x00000007c0000000,0x00000007c6b6a768,0x00000007d1c80000)
 PSPermGen       total 92672K, used 90302K [0x00000007b0000000, 0x00000007b5a80000, 0x00000007c0000000)
  object space 92672K, 97% used [0x00000007b0000000,0x00000007b582faa0,0x00000007b5a80000)
Event: 8626.352 GC heap after
Heap after GC invocations=159 (full 34):
 PSYoungGen      total 313856K, used 9112K [0x00000007eaa80000, 0x00000007ff180000, 0x0000000800000000)
  eden space 293888K, 0% used [0x00000007eaa80000,0x00000007eaa80000,0x00000007fc980000)
  from space 19968K, 45% used [0x00000007fc980000,0x00000007fd2660e8,0x00000007fdd00000)
  to   space 18944K, 0% used [0x00000007fdf00000,0x00000007fdf00000,0x00000007ff180000)
 ParOldGen       total 291328K, used 109993K [0x00000007c0000000, 0x00000007d1c80000, 0x00000007eaa80000)
  object space 291328K, 37% used [0x00000007c0000000,0x00000007c6b6a768,0x00000007d1c80000)
 PSPermGen       total 92672K, used 90302K [0x00000007b0000000, 0x00000007b5a80000, 0x00000007c0000000)
  object space 92672K, 97% used [0x00000007b0000000,0x00000007b582faa0,0x00000007b5a80000)
}

Deoptimization events (10 events):
Event: 7330.250 Thread 0x00007ffecd7f1000 Uncommon trap: reason=class_check action=maybe_recompile pc=0x0000000107094930 method=com.sun.tools.javac.parser.JavacParser.modifiersOpt(Lcom/sun/tools/javac/tree/JCTree$JCModifiers;)Lcom/sun/tools/javac/tree/JCTree$JCModifiers; @ 390
Event: 7365.565 Thread 0x00007ffecd7f1000 Uncommon trap: reason=class_check action=maybe_recompile pc=0x0000000107094930 method=com.sun.tools.javac.parser.JavacParser.modifiersOpt(Lcom/sun/tools/javac/tree/JCTree$JCModifiers;)Lcom/sun/tools/javac/tree/JCTree$JCModifiers; @ 390
Event: 7367.346 Thread 0x00007ffecd7f1000 Uncommon trap: reason=null_check action=make_not_entrant pc=0x0000000107110004 method=org.gradle.api.internal.tasks.DefaultTaskInputs.avoidGString(Ljava/lang/Object;)Ljava/lang/Object; @ 1
Event: 7367.653 Thread 0x00007ffecd7f1000 Uncommon trap: reason=class_check action=maybe_recompile pc=0x00000001070d77dc method=com.sun.tools.javac.parser.JavacParser.term3()Lcom/sun/tools/javac/tree/JCTree$JCExpression; @ 1966
Event: 7376.748 Thread 0x00007ffecd7f1000 Uncommon trap: reason=null_check action=make_not_entrant pc=0x0000000107140950 method=com.sun.tools.javac.util.Options.get(Lcom/sun/tools/javac/main/OptionName;)Ljava/lang/String; @ 11
Event: 7377.015 Thread 0x00007ffecd7f1000 Uncommon trap: reason=class_check action=maybe_recompile pc=0x00000001070d77dc method=com.sun.tools.javac.parser.JavacParser.term3()Lcom/sun/tools/javac/tree/JCTree$JCExpression; @ 1966
Event: 7872.327 Thread 0x00007ffecf6ff800 Uncommon trap: reason=unreached action=reinterpret pc=0x000000010687abb8 method=java.lang.reflect.WeakCache.expungeStaleEntries()V @ 12
Event: 8209.975 Thread 0x00007ffece4e3000 Uncommon trap: reason=predicate action=maybe_recompile pc=0x00000001070b14e4 method=org.codehaus.groovy.reflection.ParameterTypes.makeCommonArray([Ljava/lang/Object;ILjava/lang/Class;)Ljava/lang/Object; @ 25
Event: 8625.095 Thread 0x00007ffece8d5000 Uncommon trap: reason=null_check action=make_not_entrant pc=0x0000000107145bb4 method=java.lang.System.setProperty(Ljava/lang/String;Ljava/lang/String;)Ljava/lang/String; @ 34
Event: 8627.517 Thread 0x00007ffece8d5000 Uncommon trap: reason=class_check action=maybe_recompile pc=0x00000001070d77dc method=com.sun.tools.javac.parser.JavacParser.term3()Lcom/sun/tools/javac/tree/JCTree$JCExpression; @ 1966

Internal exceptions (10 events):
Event: 8808.993 Thread 0x00007ffecea75800 Threw 0x00000007f158da18 at /HUDSON/workspace/7u-2-build-macosx-x86_64/jdk7u79/2331/hotspot/src/share/vm/prims/jvm.cpp:1304
Event: 8808.994 Thread 0x00007ffecea75800 Threw 0x00000007f1592e88 at /HUDSON/workspace/7u-2-build-macosx-x86_64/jdk7u79/2331/hotspot/src/share/vm/prims/jvm.cpp:1304
Event: 8808.994 Thread 0x00007ffecea75800 Threw 0x00000007f1593e98 at /HUDSON/workspace/7u-2-build-macosx-x86_64/jdk7u79/2331/hotspot/src/share/vm/prims/jvm.cpp:1304
Event: 8808.995 Thread 0x00007ffecea75800 Threw 0x00000007f159cdd0 at /HUDSON/workspace/7u-2-build-macosx-x86_64/jdk7u79/2331/hotspot/src/share/vm/prims/jvm.cpp:1304
Event: 8808.995 Thread 0x00007ffecea75800 Threw 0x00000007f159f698 at /HUDSON/workspace/7u-2-build-macosx-x86_64/jdk7u79/2331/hotspot/src/share/vm/prims/jvm.cpp:1304
Event: 8808.996 Thread 0x00007ffecea75800 Threw 0x00000007f15a4f40 at /HUDSON/workspace/7u-2-build-macosx-x86_64/jdk7u79/2331/hotspot/src/share/vm/prims/jvm.cpp:1304
Event: 8808.996 Thread 0x00007ffecea75800 Threw 0x00000007f15a6208 at /HUDSON/workspace/7u-2-build-macosx-x86_64/jdk7u79/2331/hotspot/src/share/vm/prims/jvm.cpp:1304
Event: 8808.996 Thread 0x00007ffecea75800 Threw 0x00000007f15b00a0 at /HUDSON/workspace/7u-2-build-macosx-x86_64/jdk7u79/2331/hotspot/src/share/vm/prims/jvm.cpp:1304
Event: 8810.672 Thread 0x00007ffecea75800 Threw 0x00000007f6203af0 at /HUDSON/workspace/7u-2-build-macosx-x86_64/jdk7u79/2331/hotspot/src/share/vm/prims/jni.cpp:717
Event: 8810.672 Thread 0x00007ffecea75800 Threw 0x00000007f62056b8 at /HUDSON/workspace/7u-2-build-macosx-x86_64/jdk7u79/2331/hotspot/src/share/vm/prims/jni.cpp:717

Events (10 events):
Event: 8810.633 Thread 0x00007ffecd054800 flushing nmethod 0x0000000106d66250
Event: 8810.633 Thread 0x00007ffecd054800 flushing nmethod 0x0000000106d66910
Event: 8810.633 Thread 0x00007ffecd054800 flushing nmethod 0x0000000106d99b50
Event: 8810.633 Thread 0x00007ffecd054800 flushing nmethod 0x0000000106d9a110
Event: 8810.633 Thread 0x00007ffecd054800 flushing nmethod 0x0000000106d9aa10
Event: 8810.643 Thread 0x00007ffecd054800 flushing nmethod 0x0000000106dc7390
Event: 8810.643 Thread 0x00007ffecd054800 flushing nmethod 0x0000000106dc7a90
Event: 8810.643 Thread 0x00007ffecd054800 flushing nmethod 0x0000000106df8250
Event: 8810.643 Thread 0x00007ffecd054800 flushing nmethod 0x0000000106dfed90
Event: 8810.645 Thread 0x00007ffecd054800 flushing nmethod 0x0000000106e1fa50


Dynamic libraries:
0x0000000008acb000 	/System/Library/Frameworks/Cocoa.framework/Versions/A/Cocoa
0x0000000008acb000 	/System/Library/Frameworks/Security.framework/Versions/A/Security
0x0000000008acb000 	/System/Library/Frameworks/ApplicationServices.framework/Versions/A/ApplicationServices
0x0000000008acb000 	/usr/lib/libz.1.dylib
0x0000000008acb000 	/usr/lib/libSystem.B.dylib
0x0000000008acb000 	/usr/lib/libobjc.A.dylib
0x0000000008acb000 	/System/Library/Frameworks/CoreFoundation.framework/Versions/A/CoreFoundation
0x0000000008acb000 	/System/Library/Frameworks/Foundation.framework/Versions/C/Foundation
0x0000000008acb000 	/System/Library/Frameworks/AppKit.framework/Versions/C/AppKit
0x0000000008acb000 	/System/Library/Frameworks/CoreData.framework/Versions/A/CoreData
0x0000000008acb000 	/System/Library/PrivateFrameworks/RemoteViewServices.framework/Versions/A/RemoteViewServices
0x0000000008acb000 	/System/Library/PrivateFrameworks/UIFoundation.framework/Versions/A/UIFoundation
0x0000000008acb000 	/usr/lib/libScreenReader.dylib
0x0000000008acb000 	/System/Library/Frameworks/Accelerate.framework/Versions/A/Accelerate
0x0000000008acb000 	/System/Library/Frameworks/IOSurface.framework/Versions/A/IOSurface
0x0000000008acb000 	/System/Library/Frameworks/AudioToolbox.framework/Versions/A/AudioToolbox
0x0000000008acb000 	/System/Library/Frameworks/AudioUnit.framework/Versions/A/AudioUnit
0x0000000008acb000 	/System/Library/PrivateFrameworks/DataDetectorsCore.framework/Versions/A/DataDetectorsCore
0x0000000008acb000 	/System/Library/PrivateFrameworks/DesktopServicesPriv.framework/Versions/A/DesktopServicesPriv
0x0000000008acb000 	/System/Library/Frameworks/Carbon.framework/Versions/A/Frameworks/HIToolbox.framework/Versions/A/HIToolbox
0x0000000008acb000 	/System/Library/Frameworks/QuartzCore.framework/Versions/A/QuartzCore
0x0000000008acb000 	/System/Library/Frameworks/Carbon.framework/Versions/A/Frameworks/SpeechRecognition.framework/Versions/A/SpeechRecognition
0x0000000008acb000 	/usr/lib/libauto.dylib
0x0000000008acb000 	/usr/lib/libicucore.A.dylib
0x0000000008acb000 	/usr/lib/libxml2.2.dylib
0x0000000008acb000 	/System/Library/PrivateFrameworks/CoreUI.framework/Versions/A/CoreUI
0x0000000008acb000 	/System/Library/Frameworks/CoreAudio.framework/Versions/A/CoreAudio
0x0000000008acb000 	/System/Library/Frameworks/DiskArbitration.framework/Versions/A/DiskArbitration
0x0000000008acb000 	/usr/lib/liblangid.dylib
0x0000000008acb000 	/System/Library/PrivateFrameworks/MultitouchSupport.framework/Versions/A/MultitouchSupport
0x0000000008acb000 	/System/Library/Frameworks/IOKit.framework/Versions/A/IOKit
0x0000000008acb000 	/usr/lib/libDiagnosticMessagesClient.dylib
0x0000000008acb000 	/System/Library/Frameworks/CoreServices.framework/Versions/A/CoreServices
0x0000000008acb000 	/System/Library/PrivateFrameworks/PerformanceAnalysis.framework/Versions/A/PerformanceAnalysis
0x0000000008acb000 	/System/Library/PrivateFrameworks/GenerationalStorage.framework/Versions/A/GenerationalStorage
0x0000000008acb000 	/System/Library/Frameworks/OpenGL.framework/Versions/A/OpenGL
0x0000000008acb000 	/System/Library/PrivateFrameworks/Sharing.framework/Versions/A/Sharing
0x0000000008acb000 	/System/Library/Frameworks/CoreGraphics.framework/Versions/A/CoreGraphics
0x0000000008acb000 	/System/Library/Frameworks/CoreImage.framework/Versions/A/CoreImage
0x0000000008acb000 	/System/Library/Frameworks/CoreText.framework/Versions/A/CoreText
0x0000000008acb000 	/System/Library/Frameworks/ImageIO.framework/Versions/A/ImageIO
0x0000000008acb000 	/System/Library/PrivateFrameworks/Backup.framework/Versions/A/Backup
0x0000000008acb000 	/usr/lib/libextension.dylib
0x0000000008acb000 	/usr/lib/libarchive.2.dylib
0x0000000008acb000 	/System/Library/Frameworks/CFNetwork.framework/Versions/A/CFNetwork
0x0000000008acb000 	/System/Library/Frameworks/SystemConfiguration.framework/Versions/A/SystemConfiguration
0x0000000008acb000 	/usr/lib/libCRFSuite.dylib
0x0000000008acb000 	/usr/lib/libc++.1.dylib
0x0000000008acb000 	/usr/lib/libc++abi.dylib
0x0000000008acb000 	/usr/lib/system/libcache.dylib
0x0000000008acb000 	/usr/lib/system/libcommonCrypto.dylib
0x0000000008acb000 	/usr/lib/system/libcompiler_rt.dylib
0x0000000008acb000 	/usr/lib/system/libcopyfile.dylib
0x0000000008acb000 	/usr/lib/system/libcorecrypto.dylib
0x0000000008acb000 	/usr/lib/system/libdispatch.dylib
0x0000000008acb000 	/usr/lib/system/libdyld.dylib
0x0000000008acb000 	/usr/lib/system/libkeymgr.dylib
0x0000000008acb000 	/usr/lib/system/liblaunch.dylib
0x0000000008acb000 	/usr/lib/system/libmacho.dylib
0x0000000008acb000 	/usr/lib/system/libquarantine.dylib
0x0000000008acb000 	/usr/lib/system/libremovefile.dylib
0x0000000008acb000 	/usr/lib/system/libsystem_asl.dylib
0x0000000008acb000 	/usr/lib/system/libsystem_blocks.dylib
0x0000000008acb000 	/usr/lib/system/libsystem_c.dylib
0x0000000008acb000 	/usr/lib/system/libsystem_configuration.dylib
0x0000000008acb000 	/usr/lib/system/libsystem_coreservices.dylib
0x0000000008acb000 	/usr/lib/system/libsystem_coretls.dylib
0x0000000008acb000 	/usr/lib/system/libsystem_dnssd.dylib
0x0000000008acb000 	/usr/lib/system/libsystem_info.dylib
0x0000000008acb000 	/usr/lib/system/libsystem_kernel.dylib
0x0000000008acb000 	/usr/lib/system/libsystem_m.dylib
0x0000000008acb000 	/usr/lib/system/libsystem_malloc.dylib
0x0000000008acb000 	/usr/lib/system/libsystem_network.dylib
0x0000000008acb000 	/usr/lib/system/libsystem_networkextension.dylib
0x0000000008acb000 	/usr/lib/system/libsystem_notify.dylib
0x0000000008acb000 	/usr/lib/system/libsystem_platform.dylib
0x0000000008acb000 	/usr/lib/system/libsystem_pthread.dylib
0x0000000008acb000 	/usr/lib/system/libsystem_sandbox.dylib
0x0000000008acb000 	/usr/lib/system/libsystem_secinit.dylib
0x0000000008acb000 	/usr/lib/system/libsystem_trace.dylib
0x0000000008acb000 	/usr/lib/system/libunc.dylib
0x0000000008acb000 	/usr/lib/system/libunwind.dylib
0x0000000008acb000 	/usr/lib/system/libxpc.dylib
0x0000000008acb000 	/usr/lib/libenergytrace.dylib
0x0000000008acb000 	/usr/lib/libbsm.0.dylib
0x0000000008acb000 	/usr/lib/system/libkxld.dylib
0x0000000008acb000 	/usr/lib/libxar.1.dylib
0x0000000008acb000 	/usr/lib/libsqlite3.dylib
0x0000000008acb000 	/usr/lib/libpam.2.dylib
0x0000000008acb000 	/usr/lib/libOpenScriptingUtil.dylib
0x0000000008acb000 	/usr/lib/libbz2.1.0.dylib
0x0000000008acb000 	/usr/lib/liblzma.5.dylib
0x0000000008acb000 	/System/Library/Frameworks/CoreServices.framework/Versions/A/Frameworks/FSEvents.framework/Versions/A/FSEvents
0x0000000008acb000 	/System/Library/Frameworks/CoreServices.framework/Versions/A/Frameworks/CarbonCore.framework/Versions/A/CarbonCore
0x0000000008acb000 	/System/Library/Frameworks/CoreServices.framework/Versions/A/Frameworks/Metadata.framework/Versions/A/Metadata
0x0000000008acb000 	/System/Library/Frameworks/CoreServices.framework/Versions/A/Frameworks/OSServices.framework/Versions/A/OSServices
0x0000000008acb000 	/System/Library/Frameworks/CoreServices.framework/Versions/A/Frameworks/SearchKit.framework/Versions/A/SearchKit
0x0000000008acb000 	/System/Library/Frameworks/CoreServices.framework/Versions/A/Frameworks/AE.framework/Versions/A/AE
0x0000000008acb000 	/System/Library/Frameworks/CoreServices.framework/Versions/A/Frameworks/LaunchServices.framework/Versions/A/LaunchServices
0x0000000008acb000 	/System/Library/Frameworks/CoreServices.framework/Versions/A/Frameworks/DictionaryServices.framework/Versions/A/DictionaryServices
0x0000000008acb000 	/System/Library/Frameworks/CoreServices.framework/Versions/A/Frameworks/SharedFileList.framework/Versions/A/SharedFileList
0x0000000008acb000 	/System/Library/Frameworks/NetFS.framework/Versions/A/NetFS
0x0000000008acb000 	/System/Library/PrivateFrameworks/NetAuth.framework/Versions/A/NetAuth
0x0000000008acb000 	/System/Library/PrivateFrameworks/login.framework/Versions/A/Frameworks/loginsupport.framework/Versions/A/loginsupport
0x0000000008acb000 	/System/Library/PrivateFrameworks/TCC.framework/Versions/A/TCC
0x0000000008acb000 	/usr/lib/libmecabra.dylib
0x0000000008acb000 	/System/Library/Frameworks/ApplicationServices.framework/Versions/A/Frameworks/ATS.framework/Versions/A/ATS
0x0000000008acb000 	/System/Library/Frameworks/ApplicationServices.framework/Versions/A/Frameworks/ColorSync.framework/Versions/A/ColorSync
0x0000000008acb000 	/System/Library/Frameworks/ApplicationServices.framework/Versions/A/Frameworks/HIServices.framework/Versions/A/HIServices
0x0000000008acb000 	/System/Library/Frameworks/ApplicationServices.framework/Versions/A/Frameworks/LangAnalysis.framework/Versions/A/LangAnalysis
0x0000000008acb000 	/System/Library/Frameworks/ApplicationServices.framework/Versions/A/Frameworks/PrintCore.framework/Versions/A/PrintCore
0x0000000008acb000 	/System/Library/Frameworks/ApplicationServices.framework/Versions/A/Frameworks/QD.framework/Versions/A/QD
0x0000000008acb000 	/System/Library/Frameworks/ApplicationServices.framework/Versions/A/Frameworks/SpeechSynthesis.framework/Versions/A/SpeechSynthesis
0x0000000008acb000 	/System/Library/Frameworks/Metal.framework/Versions/A/Metal
0x0000000008acb000 	/System/Library/Frameworks/Accelerate.framework/Versions/A/Frameworks/vImage.framework/Versions/A/vImage
0x0000000008acb000 	/System/Library/Frameworks/Accelerate.framework/Versions/A/Frameworks/vecLib.framework/Versions/A/vecLib
0x0000000008acb000 	/System/Library/Frameworks/Accelerate.framework/Versions/A/Frameworks/vecLib.framework/Versions/A/libvDSP.dylib
0x0000000008acb000 	/System/Library/Frameworks/Accelerate.framework/Versions/A/Frameworks/vecLib.framework/Versions/A/libvMisc.dylib
0x0000000008acb000 	/System/Library/Frameworks/Accelerate.framework/Versions/A/Frameworks/vecLib.framework/Versions/A/libLAPACK.dylib
0x0000000008acb000 	/System/Library/Frameworks/Accelerate.framework/Versions/A/Frameworks/vecLib.framework/Versions/A/libBLAS.dylib
0x0000000008acb000 	/System/Library/Frameworks/Accelerate.framework/Versions/A/Frameworks/vecLib.framework/Versions/A/libLinearAlgebra.dylib
0x0000000008acb000 	/System/Library/Frameworks/Accelerate.framework/Versions/A/Frameworks/vecLib.framework/Versions/A/libSparseBLAS.dylib
0x0000000008acb000 	/System/Library/PrivateFrameworks/GPUCompiler.framework/libmetal_timestamp.dylib
0x0000000008acb000 	/System/Library/Frameworks/OpenGL.framework/Versions/A/Libraries/libCoreFSCache.dylib
0x0000000008acb000 	/System/Library/PrivateFrameworks/IOAccelerator.framework/Versions/A/IOAccelerator
0x0000000008acb000 	/System/Library/Frameworks/ApplicationServices.framework/Versions/A/Frameworks/ATS.framework/Versions/A/Resources/libFontParser.dylib
0x0000000008acb000 	/System/Library/Frameworks/ApplicationServices.framework/Versions/A/Frameworks/ATS.framework/Versions/A/Resources/libFontRegistry.dylib
0x0000000008acb000 	/System/Library/PrivateFrameworks/AppleVPA.framework/Versions/A/AppleVPA
0x0000000008acb000 	/System/Library/PrivateFrameworks/AppleJPEG.framework/Versions/A/AppleJPEG
0x0000000008acb000 	/System/Library/Frameworks/ImageIO.framework/Versions/A/Resources/libJPEG.dylib
0x0000000008acb000 	/System/Library/Frameworks/ImageIO.framework/Versions/A/Resources/libTIFF.dylib
0x0000000008acb000 	/System/Library/Frameworks/ImageIO.framework/Versions/A/Resources/libPng.dylib
0x0000000008acb000 	/System/Library/Frameworks/ImageIO.framework/Versions/A/Resources/libGIF.dylib
0x0000000008acb000 	/System/Library/Frameworks/ImageIO.framework/Versions/A/Resources/libJP2.dylib
0x0000000008acb000 	/System/Library/Frameworks/ImageIO.framework/Versions/A/Resources/libRadiance.dylib
0x0000000008acb000 	/System/Library/Frameworks/CoreVideo.framework/Versions/A/CoreVideo
0x0000000008acb000 	/System/Library/Frameworks/OpenGL.framework/Versions/A/Libraries/libGLU.dylib
0x0000000008acb000 	/System/Library/Frameworks/OpenGL.framework/Versions/A/Libraries/libGFXShared.dylib
0x0000000008acb000 	/System/Library/Frameworks/OpenGL.framework/Versions/A/Libraries/libGL.dylib
0x0000000008acb000 	/System/Library/Frameworks/OpenGL.framework/Versions/A/Libraries/libGLImage.dylib
0x0000000008acb000 	/System/Library/Frameworks/OpenGL.framework/Versions/A/Libraries/libCVMSPluginSupport.dylib
0x0000000008acb000 	/System/Library/Frameworks/OpenGL.framework/Versions/A/Libraries/libCoreVMClient.dylib
0x0000000008acb000 	/usr/lib/libcups.2.dylib
0x0000000008acb000 	/System/Library/Frameworks/Kerberos.framework/Versions/A/Kerberos
0x0000000008acb000 	/System/Library/Frameworks/GSS.framework/Versions/A/GSS
0x0000000008acb000 	/usr/lib/libresolv.9.dylib
0x0000000008acb000 	/usr/lib/libiconv.2.dylib
0x0000000008acb000 	/System/Library/PrivateFrameworks/Heimdal.framework/Versions/A/Heimdal
0x0000000008acb000 	/usr/lib/libheimdal-asn1.dylib
0x0000000008acb000 	/System/Library/Frameworks/OpenDirectory.framework/Versions/A/OpenDirectory
0x0000000008acb000 	/System/Library/PrivateFrameworks/CommonAuth.framework/Versions/A/CommonAuth
0x0000000008acb000 	/System/Library/Frameworks/OpenDirectory.framework/Versions/A/Frameworks/CFOpenDirectory.framework/Versions/A/CFOpenDirectory
0x0000000008acb000 	/System/Library/Frameworks/SecurityFoundation.framework/Versions/A/SecurityFoundation
0x0000000008acb000 	/System/Library/PrivateFrameworks/LanguageModeling.framework/Versions/A/LanguageModeling
0x0000000008acb000 	/usr/lib/libmarisa.dylib
0x0000000008acb000 	/usr/lib/libChineseTokenizer.dylib
0x0000000008acb000 	/usr/lib/libcmph.dylib
0x0000000008acb000 	/usr/lib/libcompression.dylib
0x0000000008acb000 	/System/Library/Frameworks/ServiceManagement.framework/Versions/A/ServiceManagement
0x0000000008acb000 	/usr/lib/libxslt.1.dylib
0x0000000008acb000 	/System/Library/Frameworks/Carbon.framework/Versions/A/Frameworks/Ink.framework/Versions/A/Ink
0x0000000008acb000 	/usr/lib/libFosl_dynamic.dylib
0x0000000008acb000 	/System/Library/PrivateFrameworks/FaceCore.framework/Versions/A/FaceCore
0x0000000008acb000 	/System/Library/Frameworks/OpenCL.framework/Versions/A/OpenCL
0x0000000008acb000 	/System/Library/PrivateFrameworks/CrashReporterSupport.framework/Versions/A/CrashReporterSupport
0x0000000008acb000 	/System/Library/PrivateFrameworks/IconServices.framework/Versions/A/IconServices
0x0000000008acb000 	/System/Library/PrivateFrameworks/Apple80211.framework/Versions/A/Apple80211
0x0000000008acb000 	/System/Library/Frameworks/CoreWLAN.framework/Versions/A/CoreWLAN
0x0000000008acb000 	/System/Library/Frameworks/IOBluetooth.framework/Versions/A/IOBluetooth
0x0000000008acb000 	/System/Library/PrivateFrameworks/CoreWiFi.framework/Versions/A/CoreWiFi
0x0000000008acb000 	/System/Library/Frameworks/CoreBluetooth.framework/Versions/A/CoreBluetooth
0x0000000008acb000 	/System/Library/PrivateFrameworks/ChunkingLibrary.framework/Versions/A/ChunkingLibrary
0x0000000008acb000 	/System/Library/PrivateFrameworks/DebugSymbols.framework/Versions/A/DebugSymbols
0x0000000008acb000 	/System/Library/PrivateFrameworks/CoreSymbolication.framework/Versions/A/CoreSymbolication
0x0000000008acb000 	/System/Library/PrivateFrameworks/Symbolication.framework/Versions/A/Symbolication
0x0000000008acb000 	/System/Library/PrivateFrameworks/SpeechRecognitionCore.framework/Versions/A/SpeechRecognitionCore
0x0000000104f42000 	/Library/Java/JavaVirtualMachines/jdk1.7.0_79.jdk/Contents/Home/jre/lib/server/libjvm.dylib
0x0000000008acb000 	/usr/lib/libstdc++.6.dylib
0x00000001059a9000 	/Library/Java/JavaVirtualMachines/jdk1.7.0_79.jdk/Contents/Home/jre/lib/libverify.dylib
0x00000001059b6000 	/Library/Java/JavaVirtualMachines/jdk1.7.0_79.jdk/Contents/Home/jre/lib/libjava.dylib
0x00000001059f0000 	/Library/Java/JavaVirtualMachines/jdk1.7.0_79.jdk/Contents/Home/jre/lib/libzip.dylib
0x000000010d46a000 	/System/Library/Frameworks/JavaVM.framework/Frameworks/JavaRuntimeSupport.framework/JavaRuntimeSupport
0x000000010d485000 	/System/Library/Frameworks/JavaVM.framework/Versions/A/Frameworks/JavaNativeFoundation.framework/Versions/A/JavaNativeFoundation
0x000000010d49a000 	/System/Library/Frameworks/JavaVM.framework/Versions/A/JavaVM
0x0000000008acb000 	/System/Library/Frameworks/Carbon.framework/Versions/A/Carbon
0x000000010d4a7000 	/System/Library/PrivateFrameworks/JavaLaunching.framework/Versions/A/JavaLaunching
0x0000000008acb000 	/System/Library/Frameworks/Carbon.framework/Versions/A/Frameworks/CommonPanels.framework/Versions/A/CommonPanels
0x0000000008acb000 	/System/Library/Frameworks/Carbon.framework/Versions/A/Frameworks/Help.framework/Versions/A/Help
0x0000000008acb000 	/System/Library/Frameworks/Carbon.framework/Versions/A/Frameworks/ImageCapture.framework/Versions/A/ImageCapture
0x0000000008acb000 	/System/Library/Frameworks/Carbon.framework/Versions/A/Frameworks/OpenScripting.framework/Versions/A/OpenScripting
0x0000000008acb000 	/System/Library/Frameworks/Carbon.framework/Versions/A/Frameworks/Print.framework/Versions/A/Print
0x0000000008acb000 	/System/Library/Frameworks/Carbon.framework/Versions/A/Frameworks/SecurityHI.framework/Versions/A/SecurityHI
0x000000010efa3000 	/Library/Java/JavaVirtualMachines/jdk1.7.0_79.jdk/Contents/Home/jre/lib/libnet.dylib
0x000000010f001000 	/Library/Java/JavaVirtualMachines/jdk1.7.0_79.jdk/Contents/Home/jre/lib/libnio.dylib
0x000000010f010000 	/Users/Marcus/.gradle/native/19/osx-amd64/libnative-platform.dylib
0x000000010f453000 	/Library/Java/JavaVirtualMachines/jdk1.7.0_79.jdk/Contents/Home/jre/lib/libmanagement.dylib
0x000000010f559000 	/Library/Java/JavaVirtualMachines/jdk1.7.0_79.jdk/Contents/Home/jre/lib/libsunec.dylib

VM Arguments:
jvm_args: -XX:MaxPermSize=256m -XX:+HeapDumpOnOutOfMemoryError -Xmx1024m -Dfile.encoding=UTF-8 -Duser.country=US -Duser.language=en -Duser.variant 
java_command: org.gradle.launcher.daemon.bootstrap.GradleDaemon 2.4 /Users/Marcus/.gradle /Users/Marcus/.gradle/daemon 10800000 1bd41cb6-0f09-4b0f-ab87-d2d4ee1577d1 -XX:MaxPermSize=256m -XX:+HeapDumpOnOutOfMemoryError -Xmx1024m -Dfile.encoding=UTF-8 -Duser.country=US -Duser.language=en -Duser.variant
Launcher Type: SUN_STANDARD

Environment Variables:
PATH=/usr/bin:/bin:/usr/sbin:/sbin
SHELL=/bin/bash
DISPLAY=/private/tmp/com.apple.launchd.7Sv9WiFIA9/org.macosforge.xquartz:0

Signal Handlers:
SIGSEGV: [libjvm.dylib+0x52daf1], sa_mask[0]=0xfffefeff, sa_flags=0x00000043
SIGBUS: [libjvm.dylib+0x52daf1], sa_mask[0]=0xfffefeff, sa_flags=0x00000042
SIGFPE: [libjvm.dylib+0x41f34e], sa_mask[0]=0xfffefeff, sa_flags=0x00000042
SIGPIPE: [libjvm.dylib+0x41f34e], sa_mask[0]=0xfffefeff, sa_flags=0x00000042
SIGXFSZ: [libjvm.dylib+0x41f34e], sa_mask[0]=0xfffefeff, sa_flags=0x00000042
SIGILL: [libjvm.dylib+0x41f34e], sa_mask[0]=0xfffefeff, sa_flags=0x00000042
SIGUSR1: SIG_DFL, sa_mask[0]=0x00000000, sa_flags=0x00000000
SIGUSR2: [libjvm.dylib+0x41ee40], sa_mask[0]=0x00000004, sa_flags=0x00000042
SIGHUP: [libjvm.dylib+0x41d0d1], sa_mask[0]=0xfffefeff, sa_flags=0x00000042
SIGINT: [libjvm.dylib+0x41d0d1], sa_mask[0]=0xfffefeff, sa_flags=0x00000042
SIGTERM: [libjvm.dylib+0x41d0d1], sa_mask[0]=0xfffefeff, sa_flags=0x00000042
SIGQUIT: [libjvm.dylib+0x41d0d1], sa_mask[0]=0xfffefeff, sa_flags=0x00000042


---------------  S Y S T E M  ---------------

OS:Bsduname:Darwin 15.0.0 Darwin Kernel Version 15.0.0: Wed Aug 26 16:57:32 PDT 2015; root:xnu-3247.1.106~1/RELEASE_X86_64 x86_64
rlimit: STACK 8192k, CORE 0k, NPROC 709, NOFILE 10240, AS infinity
load average:3.15 2.30 2.76

CPU:total 4 (2 cores per cpu, 2 threads per core) family 6 model 69 stepping 1, cmov, cx8, fxsr, mmx, sse, sse2, sse3, ssse3, sse4.1, sse4.2, popcnt, avx, avx2, aes, erms, ht, tsc, tscinvbit

Memory: 4k page, physical 8388608k(2097152k free)

/proc/meminfo:


vm_info: Java HotSpot(TM) 64-Bit Server VM (24.79-b02) for bsd-amd64 JRE (1.7.0_79-b15), built on Apr 10 2015 11:35:04 by "java_re" with gcc 4.2.1 (Based on Apple Inc. build 5658) (LLVM build 2336.11.00)

time: Mon Oct 12 22:59:04 2015
elapsed time: 8811 seconds

